<?xml version="1.0" encoding="UTF-8"?>
<testsuite name="com.wundermancommerce.interviewtests.graph.TestCases" tests="3" skipped="0" failures="0" errors="0" timestamp="2022-08-18T08:29:51" hostname="Insp3542" time="0.04">
  <properties/>
  <testcase name="testExtendedFamily" classname="com.wundermancommerce.interviewtests.graph.TestCases" time="0.033"/>
  <testcase name="testGetAllPeople" classname="com.wundermancommerce.interviewtests.graph.TestCases" time="0.001"/>
  <testcase name="testGetRelationshipCount" classname="com.wundermancommerce.interviewtests.graph.TestCases" time="0.005"/>
  <system-out><![CDATA[]]></system-out>
  <system-err><![CDATA[]]></system-err>
</testsuite>
